<?xml version="1.0" encoding="UTF-8"?>
<testsuite xmlns:xsi="http://www.w3.org/2001/XMLSchema-instance" xsi:noNamespaceSchemaLocation="https://maven.apache.org/surefire/maven-surefire-plugin/xsd/surefire-test-report-3.0.xsd" version="3.0" name="runner.TestRunnerPG" time="25.496" tests="3" errors="0" skipped="0" failures="0">
  <properties>
[...]
</properties>
  <testcase name="check P&amp;G #1" classname="P&amp;G Feature" time="6.104">
    <system-err><![CDATA[log4j:WARN File option not set for appender [FILE].
log4j:WARN Are you using FileAppender instead of ConsoleAppender?
Apr 21, 2025 6:29:37 AM org.openqa.selenium.remote.tracing.opentelemetry.OpenTelemetryTracer createTracer
INFO: Using OpenTelemetry for tracing
log4j:ERROR No output stream or file set for the appender named [FILE].
]]></system-err>
  </testcase>
  <testcase name="check P&amp;G #2" classname="P&amp;G Feature" time="7.703"/>
  <testcase name="check P&amp;G #3" classname="P&amp;G Feature" time="10.958">
    <system-out><![CDATA[ 100
Product Title: Other Jobs - Launch a Career in the United States | P&G Careers
❌ Element 1 does not contain 'Marketing '
Product Title: Legal and Patent Jobs in the United States | P&G Careers
❌ Element 2 does not contain 'Marketing '
Product Title: P&G Hiring Process | How do we hire? | P&G Careers US
❌ Element 3 does not contain 'Marketing '
Product Title: P&G Supply Chain & Logistics Careers
❌ Element 4 does not contain 'Marketing '
Product Title: P&G Career Area Sales Jobs: Discover Opportunities
❌ Element 5 does not contain 'Marketing '
Product Title: Discover Careers at P&G R&D
❌ Element 6 does not contain 'Marketing '
Product Title: Explore Other Career Areas at Procter & Gamble
❌ Element 7 does not contain 'Marketing '
Product Title: Build Brands at P&G-Marketing and Brand Management
✅ Element 8Marketing
]]></system-out>
  </testcase>
</testsuite>